
              Logfile of Field Evaluation
              ===========================

Calculation window:
===================

 Coordinate System       : global (xyz)   cartesian
 Dimension               : 1D
 Direction (tangential)  : X
 Stepsize                : 0.099923

                 low        high    stepsize
         ----------- ----------- -----------
       X          -5           5         0.1
       Y           0           0           1
       Z           0           0           1

Evaluated field, component and result value:
============================================

 Evaluated field         : B-Field [Ms]
 Field component         : Abs
 Complex                 : Real Part
 Result Value            : 1D Plot of Field Values


Result Data:
============

 NData Points = 101

 Max. value   =   2.2345E-03 at (        -0.5/           0/           0)
 Min. value   =   3.1191E-10 at (          -5/           0/           0)
 Mean value   =   2.0356E-04
 Deviation    =   2.0000E+00

 Integral     =   2.0560E-06
 Volume (Unit)=         10.1 mm^1
 Volume (SI)  =       0.0101 m^1

