
              Logfile of Field Evaluation
              ===========================

Calculation window:
===================

 Coordinate System       : global (xyz)   cartesian
 Dimension               : 1D
 Direction (tangential)  : Z
 Stepsize                : 0.182850054545454

                 low        high    stepsize
         ----------- ----------- -----------
       X           0           0           1
       Y           0           0           1
       Z         -10          10  1.8349E-01

Evaluated field, component and result value:
============================================

 Evaluated field         : B-Field [Ms]
 Field component         : Abs
 Complex                 : Real Part
 Result Value            : 1D Plot of Field Values


Result Data:
============

 NData Points = 110

 Max. value   =   2.4127E-05 at (           0/           0/  6.4220E-01)
 Min. value   =   1.5808E-05 at (           0/           0/          10)
 Mean value   =   2.1034E-05
 Deviation    =   4.1663E-01

 Integral     =   4.2455E-07
 Volume (Unit)=   2.0183E+01 mm^1
 Volume (SI)  =   2.0183E-02 m^1

