
              Logfile of Field Evaluation
              ===========================

Calculation window:
===================

 Coordinate System       : global (xyz)   cartesian
 Dimension               : 1D
 Direction (tangential)  : X
 Stepsize                : 1.83683454545454E-02

                 low        high    stepsize
         ----------- ----------- -----------
       X          -1           1  1.8349E-02
       Y           0           0           1
       Z           0           0           1

Evaluated field, component and result value:
============================================

 Evaluated field         : B-Field [Ms]
 Field component         : Abs
 Complex                 : Real Part
 Result Value            : 1D Plot of Field Values


Result Data:
============

 NData Points = 110

 Max. value   =   3.2775E-04 at (  4.8624E-01/           0/           0)
 Min. value   =   4.6924E-05 at (           1/           0/           0)
 Mean value   =   2.5259E-04
 Deviation    =   1.4990E+00

 Integral     =   5.0982E-07
 Volume (Unit)=   2.0183E+00 mm^1
 Volume (SI)  =   2.0183E-03 m^1

